<?xml version="1.0" encoding="UTF-8"?>
<robot generator="Robot 3.2.1 (Python 3.7.4 on darwin)" generated="20200510 15:49:00.445" rpa="false">
<suite id="s1" name="Using Selenium Library" source="/Users/joshuagrant/Documents/presentations/saucecon_online/using_selenium_library.robot">
<test id="s1-t1" name="Invalid Login">
<kw name="Start Session" library="resource.SauceDemo">
<status status="PASS" starttime="20200510 15:49:00.551" endtime="20200510 15:49:02.946"></status>
</kw>
<kw name="Open Login Page" library="resource.SauceDemo">
<status status="PASS" starttime="20200510 15:49:02.947" endtime="20200510 15:49:05.722"></status>
</kw>
<kw name="Login As User" library="resource.SauceDemo">
<arguments>
<arg>invalid</arg>
<arg>invalid</arg>
</arguments>
<status status="PASS" starttime="20200510 15:49:05.722" endtime="20200510 15:49:09.139"></status>
</kw>
<kw name="Page Should Contain Error" library="resource.SauceDemo">
<status status="PASS" starttime="20200510 15:49:09.139" endtime="20200510 15:49:12.670"></status>
</kw>
<kw name="End Session" library="resource.SauceDemo" type="teardown">
<status status="PASS" starttime="20200510 15:49:12.671" endtime="20200510 15:49:13.136"></status>
</kw>
<status status="PASS" starttime="20200510 15:49:00.551" endtime="20200510 15:49:13.136" critical="yes"></status>
</test>
<test id="s1-t2" name="Valid Login with Standard User">
<kw name="Start Session" library="resource.SauceDemo">
<status status="PASS" starttime="20200510 15:49:13.138" endtime="20200510 15:49:15.537"></status>
</kw>
<kw name="Open Login Page" library="resource.SauceDemo">
<status status="PASS" starttime="20200510 15:49:15.538" endtime="20200510 15:49:18.383"></status>
</kw>
<kw name="Login As User" library="resource.SauceDemo">
<arguments>
<arg>standard_user</arg>
<arg>secret_sauce</arg>
</arguments>
<status status="PASS" starttime="20200510 15:49:18.383" endtime="20200510 15:49:21.887"></status>
</kw>
<kw name="Should Be On Inventory Page" library="resource.SauceDemo">
<status status="PASS" starttime="20200510 15:49:21.887" endtime="20200510 15:49:24.663"></status>
</kw>
<kw name="End Session" library="resource.SauceDemo" type="teardown">
<status status="PASS" starttime="20200510 15:49:24.664" endtime="20200510 15:49:25.212"></status>
</kw>
<status status="PASS" starttime="20200510 15:49:13.137" endtime="20200510 15:49:25.213" critical="yes"></status>
</test>
<doc>A test suite with a single test for valid login.

This test has a workflow that is created using keywords in
the imported resource file.</doc>
<status status="PASS" starttime="20200510 15:49:00.447" endtime="20200510 15:49:25.217"></status>
</suite>
<statistics>
<total>
<stat pass="2" fail="0">Critical Tests</stat>
<stat pass="2" fail="0">All Tests</stat>
</total>
<tag>
</tag>
<suite>
<stat pass="2" fail="0" id="s1" name="Using Selenium Library">Using Selenium Library</stat>
</suite>
</statistics>
<errors>
<msg timestamp="20200510 15:49:00.549" level="WARN">Imported library '/Users/joshuagrant/Documents/presentations/saucecon_online/resource.py' contains no keywords.</msg>
</errors>
</robot>
