<?xml version="1.0" encoding="UTF-8"?>
<robot generator="Robot 3.2.1 (Python 3.7.4 on darwin)" generated="20200509 22:57:49.502" rpa="false">
<suite id="s1" name="Using Selenium Library" source="/Users/joshuagrant/Documents/presentations/saucecon_online/using_selenium_library.robot">
<test id="s1-t1" name="Invalid Login">
<kw name="Open Login Page">
<msg timestamp="20200509 22:57:49.997" level="FAIL">No keyword with name 'Open Login Page' found.</msg>
<status status="FAIL" starttime="20200509 22:57:49.997" endtime="20200509 22:57:49.997"></status>
</kw>
<kw name="End Session" type="teardown">
<msg timestamp="20200509 22:57:49.998" level="FAIL">No keyword with name 'End Session' found.</msg>
<status status="FAIL" starttime="20200509 22:57:49.998" endtime="20200509 22:57:49.998">No keyword with name 'End Session' found.</status>
</kw>
<status status="FAIL" starttime="20200509 22:57:49.995" endtime="20200509 22:57:49.998" critical="yes">No keyword with name 'Open Login Page' found.

Also teardown failed:
No keyword with name 'End Session' found.</status>
</test>
<test id="s1-t2" name="Valid Login with Standard User">
<kw name="Open Login Page">
<msg timestamp="20200509 22:57:50.001" level="FAIL">No keyword with name 'Open Login Page' found.</msg>
<status status="FAIL" starttime="20200509 22:57:50.001" endtime="20200509 22:57:50.001"></status>
</kw>
<kw name="End Session" type="teardown">
<msg timestamp="20200509 22:57:50.002" level="FAIL">No keyword with name 'End Session' found.</msg>
<status status="FAIL" starttime="20200509 22:57:50.002" endtime="20200509 22:57:50.002">No keyword with name 'End Session' found.</status>
</kw>
<status status="FAIL" starttime="20200509 22:57:49.999" endtime="20200509 22:57:50.002" critical="yes">No keyword with name 'Open Login Page' found.

Also teardown failed:
No keyword with name 'End Session' found.</status>
</test>
<doc>A test suite with a single test for valid login.

This test has a workflow that is created using keywords in
the imported resource file.</doc>
<status status="FAIL" starttime="20200509 22:57:49.505" endtime="20200509 22:57:50.003"></status>
</suite>
<statistics>
<total>
<stat pass="0" fail="2">Critical Tests</stat>
<stat pass="0" fail="2">All Tests</stat>
</total>
<tag>
</tag>
<suite>
<stat pass="0" fail="2" id="s1" name="Using Selenium Library">Using Selenium Library</stat>
</suite>
</statistics>
<errors>
<msg timestamp="20200509 22:57:49.994" level="WARN">Imported library '/Users/joshuagrant/Documents/presentations/saucecon_online/resource.py' contains no keywords.</msg>
</errors>
</robot>
